<?xml version="1.0" encoding="UTF-8"?>
<TestRun id="ae7d9f7b-6e45-4cbc-be96-dc34004a73ca" name="ORION@ORION-NOTE 2011-01-09 21:02:11" runUser="ORION-NOTE\ORION" xmlns="http://microsoft.com/schemas/VisualStudio/TeamTest/2010">
  <TestSettings name="Local" id="5e61e532-7c99-48bd-b1f3-4239a760295e">
    <Description>These are default test settings for a local test run.</Description>
    <Deployment enabled="false" runDeploymentRoot="ORION_ORION-NOTE 2011-01-09 21_02_11">
      <DeploymentItem filename="D:\ORION\Área de Trabalho\ORION_TESTE_FLUENT\TESTE_FluentNHibernate_com_linq\packages\log4net.1.2.10\lib\2.0\log4net.dll" />
      <DeploymentItem filename="D:\ORION\Área de Trabalho\ORION_TESTE_FLUENT\TESTE_FluentNHibernate_com_linq\packages\Castle.DynamicProxy.2.1.0\lib\Castle.DynamicProxy2.dll" />
      <DeploymentItem filename="D:\ORION\Área de Trabalho\ORION_TESTE_FLUENT\TESTE_FluentNHibernate_com_linq\packages\Antlr.3.1.1\lib\antlr.runtime.dll" />
      <DeploymentItem filename="D:\ORION\Área de Trabalho\ORION_TESTE_FLUENT\TESTE_FluentNHibernate_com_linq\packages\Antlr.3.1.1\lib\Antlr3.Runtime.dll" />
      <DeploymentItem filename="D:\ORION\Área de Trabalho\ORION_TESTE_FLUENT\TESTE_FluentNHibernate_com_linq\packages\Iesi.Collections.1.0.1\lib\Iesi.Collections.dll" />
      <DeploymentItem filename="D:\ORION\Área de Trabalho\ORION_TESTE_FLUENT\TESTE_FluentNHibernate_com_linq\packages\Antlr.3.1.1\lib\Antlr3.Utility.dll" />
      <DeploymentItem filename="D:\ORION\Área de Trabalho\ORION_TESTE_FLUENT\TESTE_FluentNHibernate_com_linq\packages\NHibernate.Linq.1.0\lib\NHibernate.Linq.dll" />
      <DeploymentItem filename="D:\ORION\Área de Trabalho\ORION_TESTE_FLUENT\TESTE_FluentNHibernate_com_linq\packages\Antlr.3.1.1\lib\StringTemplate.dll" />
      <DeploymentItem filename="D:\ORION\Área de Trabalho\ORION_TESTE_FLUENT\TESTE_FluentNHibernate_com_linq\packages\NHibernate.2.1.2.4000\lib\NHibernate.dll" />
      <DeploymentItem filename="D:\ORION\Área de Trabalho\ORION_TESTE_FLUENT\TESTE_FluentNHibernate_com_linq\packages\FluentNHibernate.1.1.0.694\lib\FluentNHibernate.dll" />
      <DeploymentItem filename="D:\ORION\Área de Trabalho\ORION_TESTE_FLUENT\TESTE_FluentNHibernate_com_linq\packages\NHibernate.2.1.2.4000\lib\NHibernate.ByteCode.Castle.dll" />
      <DeploymentItem filename="D:\ORION\Área de Trabalho\ORION_TESTE_FLUENT\TESTE_FluentNHibernate_com_linq\packages\Castle.Core.1.1.0\lib\Castle.Core.dll" />
    </Deployment>
    <Execution>
      <TestTypeSpecific />
      <AgentRule name="Execution Agents">
      </AgentRule>
    </Execution>
  </TestSettings>
  <Times creation="2011-01-09T21:02:11.3360000-03:00" queuing="2011-01-09T21:02:11.3520000-03:00" start="2011-01-09T21:02:11.3830000-03:00" finish="2011-01-09T21:02:14.7990000-03:00" />
  <ResultSummary outcome="Failed">
    <Counters total="1" executed="1" error="0" failed="1" timeout="0" aborted="0" inconclusive="0" passedButRunAborted="0" notRunnable="0" notExecuted="0" disconnected="0" warning="0" passed="0" completed="0" inProgress="0" pending="0" />
  </ResultSummary>
  <TestDefinitions>
    <UnitTest name="ConsultarRegistrosComSQLQuery" storage="d:\orion\área de trabalho\orion_teste_fluent\teste_fluentnhibernate_com_linq\teste_fluentnhibernate_com_linq\bin\debug\teste_fluentnhibernate_com_linq.dll" id="e0470da7-b5e1-d85c-3a30-0c58c008884d">
      <Execution id="ad8ceb4a-8c5d-4124-9e91-4e317829de60" />
      <TestMethod codeBase="D:/ORION/Área de Trabalho/ORION_TESTE_FLUENT/TESTE_FluentNHibernate_com_linq/TESTE_FluentNHibernate_com_linq/bin/Debug/TESTE_FluentNHibernate_com_linq.DLL" adapterTypeName="Microsoft.VisualStudio.TestTools.TestTypes.Unit.UnitTestAdapter, Microsoft.VisualStudio.QualityTools.Tips.UnitTest.Adapter, Version=10.0.0.0, Culture=neutral, PublicKeyToken=b03f5f7f11d50a3a" className="TESTE_FluentNHibernate_com_linq.Teste_Fluent, TESTE_FluentNHibernate_com_linq, Version=1.0.0.0, Culture=neutral, PublicKeyToken=null" name="ConsultarRegistrosComSQLQuery" />
    </UnitTest>
  </TestDefinitions>
  <TestLists>
    <TestList name="Results Not in a List" id="8c84fa94-04c1-424b-9868-57a2d4851a1d" />
    <TestList name="All Loaded Results" id="19431567-8539-422a-85d7-44ee4e166bda" />
  </TestLists>
  <TestEntries>
    <TestEntry testId="e0470da7-b5e1-d85c-3a30-0c58c008884d" executionId="ad8ceb4a-8c5d-4124-9e91-4e317829de60" testListId="8c84fa94-04c1-424b-9868-57a2d4851a1d" />
  </TestEntries>
  <Results>
    <UnitTestResult executionId="ad8ceb4a-8c5d-4124-9e91-4e317829de60" testId="e0470da7-b5e1-d85c-3a30-0c58c008884d" testName="ConsultarRegistrosComSQLQuery" computerName="ORION-NOTE" duration="00:00:02.8464761" startTime="2011-01-09T21:02:11.4040000-03:00" endTime="2011-01-09T21:02:14.6410000-03:00" testType="13cdc9d9-ddb5-4fa4-a97d-d965ccfc6d4b" outcome="Failed" testListId="8c84fa94-04c1-424b-9868-57a2d4851a1d" relativeResultsDirectory="ad8ceb4a-8c5d-4124-9e91-4e317829de60">
      <Output>
        <ErrorInfo>
          <Message>Test method TESTE_FluentNHibernate_com_linq.Teste_Fluent.ConsultarRegistrosComSQLQuery threw exception: 
NHibernate.MappingException: No persister for: Produto</Message>
          <StackTrace>    at NHibernate.Impl.SessionFactoryImpl.GetEntityPersister(String entityName)
   at NHibernate.Loader.Custom.Sql.SQLQueryReturnProcessor.GetSQLLoadable(String entityName)
   at NHibernate.Loader.Custom.Sql.SQLQueryReturnProcessor.ProcessRootReturn(NativeSQLQueryRootReturn rootReturn)
   at NHibernate.Loader.Custom.Sql.SQLQueryReturnProcessor.ProcessReturn(INativeSQLQueryReturn rtn)
   at NHibernate.Loader.Custom.Sql.SQLQueryReturnProcessor.Process()
   at NHibernate.Loader.Custom.Sql.SQLCustomQuery..ctor(INativeSQLQueryReturn[] queryReturns, String sqlQuery, ICollection`1 additionalQuerySpaces, ISessionFactoryImplementor factory)
   at NHibernate.Impl.SessionImpl.List(NativeSQLQuerySpecification spec, QueryParameters queryParameters, IList results)
   at NHibernate.Impl.SessionImpl.List(NativeSQLQuerySpecification spec, QueryParameters queryParameters)
   at NHibernate.Impl.SqlQueryImpl.List()
   at TESTE_FluentNHibernate_com_linq.Teste_Fluent.ConsultarRegistrosComSQLQuery() in D:\ORION\Área de Trabalho\ORION_TESTE_FLUENT\TESTE_FluentNHibernate_com_linq\TESTE_FluentNHibernate_com_linq\Teste_Fluent.cs:line 212
</StackTrace>
        </ErrorInfo>
      </Output>
    </UnitTestResult>
  </Results>
</TestRun>